04:55:54 PM [09/06/2011]
No_especificada: SELECT LAPSO_ACTUAL FROM RANGO_INSCRIPCION 
[MERANT][ODBC SQLBase driver][SQLBase]00401 DBA COD Cannot open database
09:36:37 AM [13/06/2011]
No_especificada: SELECT LAPSO_ACTUAL FROM RANGO_INSCRIPCION 
[MERANT][ODBC SQLBase driver][SQLBase]00130 SQL DNT Database/user/password is too large
09:39:39 AM [13/06/2011]
No_especificada: SELECT LAPSO_ACTUAL FROM RANGO_INSCRIPCION 
[MERANT][ODBC SQLBase driver][SQLBase]00404 DBA IPW Invalid password
09:44:42 AM [13/06/2011]
No_especificada: SELECT LAPSO_ACTUAL FROM RANGO_INSCRIPCION 
[MERANT][ODBC SQLBase driver][SQLBase]00130 SQL DNT Database/user/password is too large
09:44:53 AM [13/06/2011]
No_especificada: SELECT LAPSO_ACTUAL FROM RANGO_INSCRIPCION 
[MERANT][ODBC SQLBase driver][SQLBase]00130 SQL DNT Database/user/password is too large
09:45:03 AM [13/06/2011]
No_especificada: SELECT LAPSO_ACTUAL FROM RANGO_INSCRIPCION 
[MERANT][ODBC SQLBase driver][SQLBase]00130 SQL DNT Database/user/password is too large
09:45:13 AM [13/06/2011]
No_especificada: SELECT LAPSO_ACTUAL FROM RANGO_INSCRIPCION 
[MERANT][ODBC SQLBase driver][SQLBase]00130 SQL DNT Database/user/password is too large
09:45:23 AM [13/06/2011]
No_especificada: SELECT LAPSO_ACTUAL FROM RANGO_INSCRIPCION 
[MERANT][ODBC SQLBase driver][SQLBase]00130 SQL DNT Database/user/password is too large
09:45:33 AM [13/06/2011]
No_especificada: SELECT LAPSO_ACTUAL FROM RANGO_INSCRIPCION 
[MERANT][ODBC SQLBase driver][SQLBase]00130 SQL DNT Database/user/password is too large
09:45:43 AM [13/06/2011]
No_especificada: SELECT LAPSO_ACTUAL FROM RANGO_INSCRIPCION 
[MERANT][ODBC SQLBase driver][SQLBase]00130 SQL DNT Database/user/password is too large
09:45:53 AM [13/06/2011]
No_especificada: SELECT LAPSO_ACTUAL FROM RANGO_INSCRIPCION 
[MERANT][ODBC SQLBase driver][SQLBase]00130 SQL DNT Database/user/password is too large
09:46:03 AM [13/06/2011]
No_especificada: SELECT LAPSO_ACTUAL FROM RANGO_INSCRIPCION 
[MERANT][ODBC SQLBase driver][SQLBase]00130 SQL DNT Database/user/password is too large
09:46:13 AM [13/06/2011]
No_especificada: SELECT LAPSO_ACTUAL FROM RANGO_INSCRIPCION 
[MERANT][ODBC SQLBase driver][SQLBase]00130 SQL DNT Database/user/password is too large
03:11:13 PM [14/06/2011]
No_especificada: SELECT LAPSO_ACTUAL FROM RANGO_INSCRIPCION 
[Microsoft][Administrador de controladores ODBC] No se encuentra el nombre del origen de datos y no se especificó ningún controlador predeterminado
03:25:59 PM [14/06/2011]
No_especificada: SELECT LAPSO_ACTUAL FROM RANGO_INSCRIPCION 
[Microsoft][Administrador de controladores ODBC] No se encuentra el nombre del origen de datos y no se especificó ningún controlador predeterminado
03:38:07 PM [14/06/2011]
No_especificada: SELECT LAPSO_ACTUAL FROM RANGO_INSCRIPCION 
[Microsoft][Administrador de controladores ODBC] No se encuentra el nombre del origen de datos y no se especificó ningún controlador predeterminado
03:45:13 PM [14/06/2011]
No_especificada: SELECT LAPSO_ACTUAL FROM RANGO_INSCRIPCION 
[Microsoft][Administrador de controladores ODBC] No se encuentra el nombre del origen de datos y no se especificó ningún controlador predeterminado
03:46:24 PM [14/06/2011]
No_especificada: SELECT LAPSO_ACTUAL FROM RANGO_INSCRIPCION 
[Microsoft][Administrador de controladores ODBC] No se encuentra el nombre del origen de datos y no se especificó ningún controlador predeterminado
03:46:43 PM [14/06/2011]
No_especificada: SELECT LAPSO_ACTUAL FROM RANGO_INSCRIPCION 
[Microsoft][Administrador de controladores ODBC] No se encuentra el nombre del origen de datos y no se especificó ningún controlador predeterminado
03:51:03 PM [14/06/2011]
No_especificada: SELECT LAPSO_ACTUAL FROM RANGO_INSCRIPCION 
[Microsoft][Administrador de controladores ODBC] No se encuentra el nombre del origen de datos y no se especificó ningún controlador predeterminado
03:51:11 PM [14/06/2011]
No_especificada: SELECT LAPSO_ACTUAL FROM RANGO_INSCRIPCION 
[Microsoft][Administrador de controladores ODBC] No se encuentra el nombre del origen de datos y no se especificó ningún controlador predeterminado
03:51:13 PM [14/06/2011]
No_especificada: SELECT LAPSO_ACTUAL FROM RANGO_INSCRIPCION 
[Microsoft][Administrador de controladores ODBC] No se encuentra el nombre del origen de datos y no se especificó ningún controlador predeterminado
04:04:07 PM [14/06/2011]
No_especificada: SELECT LAPSO_ACTUAL FROM RANGO_INSCRIPCION 
[Microsoft][Administrador de controladores ODBC] No se encuentra el nombre del origen de datos y no se especificó ningún controlador predeterminado
06:07:32 PM [14/06/2011]
No_especificada: SELECT LAPSO_ACTUAL FROM RANGO_INSCRIPCION 
[Microsoft][Administrador de controladores ODBC] No se encuentra el nombre del origen de datos y no se especificó ningún controlador predeterminado
05:31:37 PM [15/11/2011]
No_especificada: SELECT LAPSO_ACTUAL FROM RANGO_INSCRIPCION 
[Microsoft][Administrador de controladores ODBC] No se encuentra el nombre del origen de datos y no se especificó ningún controlador predeterminado
04:01:30 PM [07/03/2012]
No_especificada: SELECT LAPSO_ACTUAL FROM RANGO_INSCRIPCION 
[MERANT][ODBC SQLBase driver][SQLBase]00601 DIC ITN Table has not been created
04:03:39 PM [07/03/2012]
No_especificada: SELECT LAPSO_ACTUAL FROM RANGO_INSCRIPCION 
[MERANT][ODBC SQLBase driver][SQLBase]00601 DIC ITN Table has not been created
04:03:44 PM [07/03/2012]
No_especificada: SELECT LAPSO_ACTUAL FROM RANGO_INSCRIPCION 
[MERANT][ODBC SQLBase driver][SQLBase]00601 DIC ITN Table has not been created
04:03:51 PM [07/03/2012]
No_especificada: SELECT LAPSO_ACTUAL FROM RANGO_INSCRIPCION 
[MERANT][ODBC SQLBase driver][SQLBase]00601 DIC ITN Table has not been created
10:32:37 AM [02/05/2012]
No_especificada: SELECT LAPSO FROM EXPLIBRE 
[MERANT][ODBC SQLBase driver][SQLBase]00601 DIC ITN Table has not been created
10:33:35 AM [02/05/2012]
No_especificada: SELECT LAPSO FROM EXPLIBRE 
[MERANT][ODBC SQLBase driver][SQLBase]00601 DIC ITN Table has not been created
05:43:54 PM [09/10/2012]
No_especificada: SELECT LAPSO_ACTUAL FROM RANGO_INSCRIPCION 
[MERANT][ODBC SQLBase driver][SQLBase]00601 DIC ITN Table has not been created
05:44:25 PM [09/10/2012]
No_especificada: SELECT LAPSO_ACTUAL FROM RANGO_INSCRIPCION 
[MERANT][ODBC SQLBase driver][SQLBase]00601 DIC ITN Table has not been created
07:34:20 PM [01/11/2016]
No_especificada: SELECT LAPSO_ACTUAL FROM RANGO_INSCRIPCION 
Could not connect to the server;
connect failed for [172.16.4.190:5432] 
07:34:22 PM [01/11/2016]
No_especificada: SELECT LAPSO_ACTUAL FROM RANGO_INSCRIPCION 
Could not connect to the server;
connect failed for [172.16.4.190:5432] 
07:34:23 PM [01/11/2016]
No_especificada: SELECT LAPSO_ACTUAL FROM RANGO_INSCRIPCION 
Could not connect to the server;
connect failed for [172.16.4.190:5432] 
